PLINK v2.00a5.12LM AVX2 AMD (25 Jun 2024)
Options in effect:
  --clump biomarkers-30780-both_sexes-irnt.tsv
  --clump-id-field VARIANT
  --clump-kb 10000
  --clump-p-field P
  --clump-p1 5e-8
  --clump-p2 1e-6
  --clump-r2 0.01
  --out biomarkers-30780-both_sexes-irnt-results
  --pfile 1000G_EUR_merged
  --threads 8

Hostname: gl3435.arc-ts.umich.edu
Working directory: /nfs/turbo/sph-davebrid/GWAS_Calcium
Start time: Wed Jun 18 17:23:04 2025

Random number seed: 1750281784
191381 MiB RAM detected, ~158156 available; reserving 95690 MiB for main
workspace.
Using up to 8 compute threads.
503 samples (0 females, 0 males, 503 ambiguous; 503 founders) loaded from
1000G_EUR_merged.psam.
75829739 variants loaded from 1000G_EUR_merged.pvar.
Note: No phenotype data present.
Warning: 5981 top variant IDs in --clump file missing from main dataset.  IDs
written to biomarkers-30780-both_sexes-irnt-results.clumps.missing_id .
--clump: 469 clumps formed from 36969 index candidates.
Results written to biomarkers-30780-both_sexes-irnt-results.clumps .

End time: Wed Jun 18 17:23:36 2025
