PLINK v2.00a5.12LM AVX2 AMD (25 Jun 2024)
Options in effect:
  --extract biomarkers-30680-both_sexes-irnt-results-clumped-snps.txt
  --freq
  --out biomarkers-30680-both_sexes-irnt-results-clumped-snps
  --pfile 1000G_EUR_merged
  --threads 8

Hostname: gl3435.arc-ts.umich.edu
Working directory: /nfs/turbo/sph-davebrid/GWAS_Calcium
Start time: Wed Jun 18 17:23:56 2025

Random number seed: 1750281836
191381 MiB RAM detected, ~152980 available; reserving 95690 MiB for main
workspace.
Using up to 8 compute threads.
503 samples (0 females, 0 males, 503 ambiguous; 503 founders) loaded from
1000G_EUR_merged.psam.
75829739 variants loaded from 1000G_EUR_merged.pvar.
Note: No phenotype data present.
--extract: 454 variants remaining.
Calculating allele frequencies... done.
--freq: Allele frequencies (founders only) written to
biomarkers-30680-both_sexes-irnt-results-clumped-snps.afreq .

End time: Wed Jun 18 17:24:05 2025
